<?xml version="1.0" encoding="UTF-8"?>
<!-- Generated by org.testng.reporters.JUnitReportReporter -->
<testsuite hostname="DESKTOP-N8RKOOP" failures="0" tests="4" name="com.UrbanLadder.runner.HomePageTest" time="11.858" errors="0" timestamp="2021-09-24T14:08:56 IST" skipped="0">
  <testcase classname="com.UrbanLadder.runner.HomePageTest" name="homepage" time="6.643"/>
  <system-out/>
  <testcase classname="com.UrbanLadder.runner.HomePageTest" name="search" time="4.031"/>
  <system-out/>
  <testcase classname="com.UrbanLadder.runner.HomePageTest" name="UrbanLadder_ListOfProduct" time="1.045"/>
  <system-out/>
  <testcase classname="com.UrbanLadder.runner.HomePageTest" name="SelectStudyTable" time="0.139"/>
  <system-out/>
</testsuite> <!-- com.UrbanLadder.runner.HomePageTest -->
