<?xml version="1.0" encoding="UTF-8"?>
<!-- Generated by org.testng.reporters.JUnitReportReporter -->
<testsuite hostname="DESKTOP-N8RKOOP" failures="0" tests="11" name="com.UrbanLadder.runner.Runner" time="56.910" errors="0" timestamp="2021-09-27T18:26:24 IST" skipped="0">
  <testcase classname="com.UrbanLadder.runner.Runner" name="homepage" time="12.063"/>
  <system-out/>
  <testcase classname="com.UrbanLadder.runner.Runner" name="search" time="11.891"/>
  <system-out/>
  <testcase classname="com.UrbanLadder.runner.Runner" name="UrbanLadder_ListOfProduct" time="1.156"/>
  <system-out/>
  <testcase classname="com.UrbanLadder.runner.Runner" name="SelectStudyTable" time="1.609"/>
  <system-out/>
  <testcase classname="com.UrbanLadder.runner.Runner" name="InStock" time="4.347"/>
  <system-out/>
  <testcase classname="com.UrbanLadder.runner.Runner" name="SortResult" time="7.738"/>
  <system-out/>
  <testcase classname="com.UrbanLadder.runner.Runner" name="selectProduct" time="2.323"/>
  <system-out/>
  <testcase classname="com.UrbanLadder.runner.Runner" name="SaleAvailability" time="7.961"/>
  <system-out/>
  <testcase classname="com.UrbanLadder.runner.Runner" name="EMIcheck" time="0.045"/>
  <system-out/>
  <testcase classname="com.UrbanLadder.runner.Runner" name="addtocart" time="3.144"/>
  <system-out/>
  <testcase classname="com.UrbanLadder.runner.Runner" name="checkaddtocart" time="4.633"/>
  <system-out/>
</testsuite> <!-- com.UrbanLadder.runner.Runner -->
